<!DOCTYPE html>

<html>
  <head>
  <meta charset='utf-8'>
  <title>TestNG reports</title>

    <link type="text/css" href="testng-reports1.css" rel="stylesheet" id="ultra" />
    <link type="text/css" href="testng-reports.css" rel="stylesheet" id="retro" disabled="false"/>
    <script type="text/javascript" src="jquery-3.6.0.min.js"></script>
    <script type="text/javascript" src="testng-reports.js"></script>
    <script type="text/javascript" src="https://www.google.com/jsapi"></script>
    <script type='text/javascript'>
      google.load('visualization', '1', {packages:['table']});
      google.setOnLoadCallback(drawTable);
      var suiteTableInitFunctions = new Array();
      var suiteTableData = new Array();
    </script>
    <!--
      <script type="text/javascript" src="jquery-ui/js/jquery-ui-1.8.16.custom.min.js"></script>
     -->
  </head>

  <body>    <div class="top-banner-root">
      <span class="top-banner-title-font">Test results</span>
      <button id="button" class="button">Switch Retro Theme</button> <!-- button -->
      <br/>
      <span class="top-banner-font-1">1 suite, 7 failed tests</span>
    </div> <!-- top-banner-root -->
    <div class="navigator-root">
      <div class="navigator-suite-header">
        <span>All suites</span>
        <a href="#" title="Collapse/expand all the suites" class="collapse-all-link">
          <img src="collapseall.gif" class="collapse-all-icon">
          </img> <!-- collapse-all-icon -->
        </a> <!-- collapse-all-link -->
      </div> <!-- navigator-suite-header -->
      <div class="suite">
        <div class="rounded-window">
          <div class="suite-header light-rounded-window-top">
            <a href="#" panel-name="suite-Sprint_4_API_Suite" class="navigator-link">
              <span class="suite-name border-failed">Sprint 4 API Suite</span>
            </a> <!-- navigator-link -->
          </div> <!-- suite-header light-rounded-window-top -->
          <div class="navigator-suite-content">
            <div class="suite-section-title">
              <span>Info</span>
            </div> <!-- suite-section-title -->
            <div class="suite-section-content">
              <ul>
                <li>
                  <a href="#" panel-name="test-xml-Sprint_4_API_Suite" class="navigator-link ">
                    <span>C:\Users\itsan\Downloads\sprint4\sprint4\testng.xml</span>
                  </a> <!-- navigator-link  -->
                </li>
                <li>
                  <a href="#" panel-name="testlist-Sprint_4_API_Suite" class="navigator-link ">
                    <span class="test-stats">1 test</span>
                  </a> <!-- navigator-link  -->
                </li>
                <li>
                  <a href="#" panel-name="group-Sprint_4_API_Suite" class="navigator-link ">
                    <span>0 groups</span>
                  </a> <!-- navigator-link  -->
                </li>
                <li>
                  <a href="#" panel-name="times-Sprint_4_API_Suite" class="navigator-link ">
                    <span>Times</span>
                  </a> <!-- navigator-link  -->
                </li>
                <li>
                  <a href="#" panel-name="reporter-Sprint_4_API_Suite" class="navigator-link ">
                    <span>Reporter output</span>
                  </a> <!-- navigator-link  -->
                </li>
                <li>
                  <a href="#" panel-name="ignored-methods-Sprint_4_API_Suite" class="navigator-link ">
                    <span>Ignored methods</span>
                  </a> <!-- navigator-link  -->
                </li>
                <li>
                  <a href="#" panel-name="chronological-Sprint_4_API_Suite" class="navigator-link ">
                    <span>Chronological view</span>
                  </a> <!-- navigator-link  -->
                </li>
              </ul>
            </div> <!-- suite-section-content -->
            <div class="result-section">
              <div class="suite-section-title">
                <span>Results</span>
              </div> <!-- suite-section-title -->
              <div class="suite-section-content">
                <ul>
                  <li>
                    <span class="method-stats">21 methods, 7 failed,   14 passed</span>
                  </li>
                  <li>
                    <span class="method-list-title failed">Failed methods</span>
                    <span class="show-or-hide-methods failed">
                      <a href="#" panel-name="suite-Sprint_4_API_Suite" class="hide-methods failed suite-Sprint_4_API_Suite"> (hide)</a> <!-- hide-methods failed suite-Sprint_4_API_Suite -->
                      <a href="#" panel-name="suite-Sprint_4_API_Suite" class="show-methods failed suite-Sprint_4_API_Suite"> (show)</a> <!-- show-methods failed suite-Sprint_4_API_Suite -->
                    </span>
                    <div class="method-list-content failed suite-Sprint_4_API_Suite">
                      <span>
                        <img src="failed.png" width="3%"/>
                        <a href="#" panel-name="suite-Sprint_4_API_Suite" title="tests.GetBookingByIdTest" class="method navigator-link" hash-for-method="addAndGetBookingById">addAndGetBookingById</a> <!-- method navigator-link -->
                      </span>
                      <br/>
                      <span>
                        <img src="failed.png" width="3%"/>
                        <a href="#" panel-name="suite-Sprint_4_API_Suite" title="tests.AddBookingWithInvalidLoginTest" class="method navigator-link" hash-for-method="addBookingWithMissingField">addBookingWithMissingField</a> <!-- method navigator-link -->
                      </span>
                      <br/>
                      <span>
                        <img src="failed.png" width="3%"/>
                        <a href="#" panel-name="suite-Sprint_4_API_Suite" title="tests.AddBookingTest" class="method navigator-link" hash-for-method="addBookingWithSpecialCharTitle">addBookingWithSpecialCharTitle</a> <!-- method navigator-link -->
                      </span>
                      <br/>
                      <span>
                        <img src="failed.png" width="3%"/>
                        <a href="#" panel-name="suite-Sprint_4_API_Suite" title="tests.AddBookingTest" class="method navigator-link" hash-for-method="addBookingWithZeroTicketCount">addBookingWithZeroTicketCount</a> <!-- method navigator-link -->
                      </span>
                      <br/>
                      <span>
                        <img src="failed.png" width="3%"/>
                        <a href="#" panel-name="suite-Sprint_4_API_Suite" title="tests.DeleteBookingTest" class="method navigator-link" hash-for-method="deleteBookingWithNegativeId">deleteBookingWithNegativeId</a> <!-- method navigator-link -->
                      </span>
                      <br/>
                      <span>
                        <img src="failed.png" width="3%"/>
                        <a href="#" panel-name="suite-Sprint_4_API_Suite" title="tests.AuthTest" class="method navigator-link" hash-for-method="getAccessToken">getAccessToken</a> <!-- method navigator-link -->
                      </span>
                      <br/>
                      <span>
                        <img src="failed.png" width="3%"/>
                        <a href="#" panel-name="suite-Sprint_4_API_Suite" title="tests.GetBookingByInvalidIdTest" class="method navigator-link" hash-for-method="viewBookingListWithInvalidToken">viewBookingListWithInvalidToken</a> <!-- method navigator-link -->
                      </span>
                      <br/>
                    </div> <!-- method-list-content failed suite-Sprint_4_API_Suite -->
                  </li>
                  <li>
                    <span class="method-list-title passed">Passed methods</span>
                    <span class="show-or-hide-methods passed">
                      <a href="#" panel-name="suite-Sprint_4_API_Suite" class="hide-methods passed suite-Sprint_4_API_Suite"> (hide)</a> <!-- hide-methods passed suite-Sprint_4_API_Suite -->
                      <a href="#" panel-name="suite-Sprint_4_API_Suite" class="show-methods passed suite-Sprint_4_API_Suite"> (show)</a> <!-- show-methods passed suite-Sprint_4_API_Suite -->
                    </span>
                    <div class="method-list-content passed suite-Sprint_4_API_Suite">
                      <span>
                        <img src="passed.png" width="3%"/>
                        <a href="#" panel-name="suite-Sprint_4_API_Suite" title="tests.AddBookingTest" class="method navigator-link" hash-for-method="addBooking">addBooking</a> <!-- method navigator-link -->
                      </span>
                      <br/>
                      <span>
                        <img src="passed.png" width="3%"/>
                        <a href="#" panel-name="suite-Sprint_4_API_Suite" title="tests.AddBookingTest" class="method navigator-link" hash-for-method="addBookingOnBoundaryDate">addBookingOnBoundaryDate</a> <!-- method navigator-link -->
                      </span>
                      <br/>
                      <span>
                        <img src="passed.png" width="3%"/>
                        <a href="#" panel-name="suite-Sprint_4_API_Suite" title="tests.AddBookingTest" class="method navigator-link" hash-for-method="addBookingWithAlphanumericTicketCount">addBookingWithAlphanumericTicketCount</a> <!-- method navigator-link -->
                      </span>
                      <br/>
                      <span>
                        <img src="passed.png" width="3%"/>
                        <a href="#" panel-name="suite-Sprint_4_API_Suite" title="tests.AddBookingTest" class="method navigator-link" hash-for-method="addBookingWithLargeTicketCount">addBookingWithLargeTicketCount</a> <!-- method navigator-link -->
                      </span>
                      <br/>
                      <span>
                        <img src="passed.png" width="3%"/>
                        <a href="#" panel-name="suite-Sprint_4_API_Suite" title="tests.AddBookingTest" class="method navigator-link" hash-for-method="addBookingWithNewUserAndMovie">addBookingWithNewUserAndMovie</a> <!-- method navigator-link -->
                      </span>
                      <br/>
                      <span>
                        <img src="passed.png" width="3%"/>
                        <a href="#" panel-name="suite-Sprint_4_API_Suite" title="tests.DeleteBookingTest" class="method navigator-link" hash-for-method="addDeleteAndConfirmBookingGone">addDeleteAndConfirmBookingGone</a> <!-- method navigator-link -->
                      </span>
                      <br/>
                      <span>
                        <img src="passed.png" width="3%"/>
                        <a href="#" panel-name="suite-Sprint_4_API_Suite" title="tests.GetBookingByIdTest" class="method navigator-link" hash-for-method="bookingDetails">bookingDetails</a> <!-- method navigator-link -->
                      </span>
                      <br/>
                      <span>
                        <img src="passed.png" width="3%"/>
                        <a href="#" panel-name="suite-Sprint_4_API_Suite" title="tests.DeleteBookingTest" class="method navigator-link" hash-for-method="deleteBookingById">deleteBookingById</a> <!-- method navigator-link -->
                      </span>
                      <br/>
                      <span>
                        <img src="passed.png" width="3%"/>
                        <a href="#" panel-name="suite-Sprint_4_API_Suite" title="tests.InvalidDeleteByIdTest" class="method navigator-link" hash-for-method="deleteInvalidBooking">deleteInvalidBooking</a> <!-- method navigator-link -->
                      </span>
                      <br/>
                      <span>
                        <img src="passed.png" width="3%"/>
                        <a href="#" panel-name="suite-Sprint_4_API_Suite" title="tests.GetBookingByInvalidIdTest" class="method navigator-link" hash-for-method="getBookingByInvalidId">getBookingByInvalidId</a> <!-- method navigator-link -->
                      </span>
                      <br/>
                      <span>
                        <img src="passed.png" width="3%"/>
                        <a href="#" panel-name="suite-Sprint_4_API_Suite" title="tests.AuthTestWithInvalidCredentialsTest" class="method navigator-link" hash-for-method="invalidPasswordReturns401">invalidPasswordReturns401</a> <!-- method navigator-link -->
                      </span>
                      <br/>
                      <span>
                        <img src="passed.png" width="3%"/>
                        <a href="#" panel-name="suite-Sprint_4_API_Suite" title="tests.AuthTestWithInvalidCredentialsTest" class="method navigator-link" hash-for-method="loginWithBlankCredentials">loginWithBlankCredentials</a> <!-- method navigator-link -->
                      </span>
                      <br/>
                      <span>
                        <img src="passed.png" width="3%"/>
                        <a href="#" panel-name="suite-Sprint_4_API_Suite" title="tests.AuthTestWithInvalidCredentialsTest" class="method navigator-link" hash-for-method="missingUsernameReturns400">missingUsernameReturns400</a> <!-- method navigator-link -->
                      </span>
                      <br/>
                      <span>
                        <img src="passed.png" width="3%"/>
                        <a href="#" panel-name="suite-Sprint_4_API_Suite" title="tests.GetBookingByIdTest" class="method navigator-link" hash-for-method="viewBookingListMultipleRecords">viewBookingListMultipleRecords</a> <!-- method navigator-link -->
                      </span>
                      <br/>
                    </div> <!-- method-list-content passed suite-Sprint_4_API_Suite -->
                  </li>
                </ul>
              </div> <!-- suite-section-content -->
            </div> <!-- result-section -->
          </div> <!-- navigator-suite-content -->
        </div> <!-- rounded-window -->
      </div> <!-- suite -->
    </div> <!-- navigator-root -->
    <div class="wrapper">
      <div class="main-panel-root">
        <div panel-name="suite-Sprint_4_API_Suite" class="panel Sprint_4_API_Suite">
          <div class="suite-Sprint_4_API_Suite-class-failed">
            <div class="main-panel-header rounded-window-top">
              <img src="failed.png"/>
              <span class="class-name">tests.AuthTest</span>
            </div> <!-- main-panel-header rounded-window-top -->
            <div class="main-panel-content rounded-window-bottom">
              <div class="method">
                <div class="method-content">
                  <a name="getAccessToken">
                  </a> <!-- getAccessToken -->
                  <span class="method-name">getAccessToken</span>
                  <div class="stack-trace">java.lang.AssertionError: 1 expectation failed.
Expected status code &lt;200&gt; but was &lt;401&gt;.

	at org.codehaus.groovy.runtime.callsite.ConstructorSite$ConstructorSiteNoUnwrapNoCoerce.callConstructor(ConstructorSite.java:108)
	at org.codehaus.groovy.runtime.callsite.CallSiteArray.defaultCallConstructor(CallSiteArray.java:57)
	at org.codehaus.groovy.runtime.callsite.AbstractCallSite.callConstructor(AbstractCallSite.java:263)
	at org.codehaus.groovy.runtime.callsite.AbstractCallSite.callConstructor(AbstractCallSite.java:277)
	at io.restassured.internal.ResponseSpecificationImpl$HamcrestAssertionClosure.validate(ResponseSpecificationImpl.groovy:512)
	at io.restassured.internal.ResponseSpecificationImpl$HamcrestAssertionClosure$validate$1.call(Unknown Source)
	at org.codehaus.groovy.runtime.callsite.CallSiteArray.defaultCall(CallSiteArray.java:45)
	at org.codehaus.groovy.runtime.callsite.AbstractCallSite.call(AbstractCallSite.java:125)
	at org.codehaus.groovy.runtime.callsite.AbstractCallSite.call(AbstractCallSite.java:139)
	at io.restassured.internal.ResponseSpecificationImpl.validateResponseIfRequired(ResponseSpecificationImpl.groovy:696)
	at io.restassured.internal.ResponseSpecificationImpl.this$2$validateResponseIfRequired(ResponseSpecificationImpl.groovy)
	at org.codehaus.groovy.runtime.callsite.PlainObjectMetaMethodSite.doInvoke(PlainObjectMetaMethodSite.java:43)
	at org.codehaus.groovy.runtime.callsite.PogoMetaMethodSite$PogoCachedMethodSiteNoUnwrapNoCoerce.invoke(PogoMetaMethodSite.java:198)
	at org.codehaus.groovy.runtime.callsite.PogoMetaMethodSite.callCurrent(PogoMetaMethodSite.java:62)
	at org.codehaus.groovy.runtime.callsite.CallSiteArray.defaultCallCurrent(CallSiteArray.java:49)
	at org.codehaus.groovy.runtime.callsite.AbstractCallSite.callCurrent(AbstractCallSite.java:171)
	at org.codehaus.groovy.runtime.callsite.AbstractCallSite.callCurrent(AbstractCallSite.java:185)
	at io.restassured.internal.ResponseSpecificationImpl.statusCode(ResponseSpecificationImpl.groovy:135)
	at io.restassured.specification.ResponseSpecification$statusCode$0.callCurrent(Unknown Source)
	at org.codehaus.groovy.runtime.callsite.CallSiteArray.defaultCallCurrent(CallSiteArray.java:49)
	at org.codehaus.groovy.runtime.callsite.AbstractCallSite.callCurrent(AbstractCallSite.java:171)
	at org.codehaus.groovy.runtime.callsite.AbstractCallSite.callCurrent(AbstractCallSite.java:185)
	at io.restassured.internal.ResponseSpecificationImpl.statusCode(ResponseSpecificationImpl.groovy:143)
	at io.restassured.internal.ValidatableResponseOptionsImpl.statusCode(ValidatableResponseOptionsImpl.java:89)
	at tests.AuthTest.getAccessToken(AuthTest.java:21)
	at java.base/java.util.ArrayList.forEach(ArrayList.java:1596)
... Removed 31 stack frames
</div> <!-- stack-trace -->
                </div> <!-- method-content -->
              </div> <!-- method -->
            </div> <!-- main-panel-content rounded-window-bottom -->
          </div> <!-- suite-Sprint_4_API_Suite-class-failed -->
          <div class="suite-Sprint_4_API_Suite-class-failed">
            <div class="main-panel-header rounded-window-top">
              <img src="failed.png"/>
              <span class="class-name">tests.AddBookingTest</span>
            </div> <!-- main-panel-header rounded-window-top -->
            <div class="main-panel-content rounded-window-bottom">
              <div class="method">
                <div class="method-content">
                  <a name="addBookingWithSpecialCharTitle">
                  </a> <!-- addBookingWithSpecialCharTitle -->
                  <span class="method-name">addBookingWithSpecialCharTitle</span>
                  <div class="stack-trace">java.lang.AssertionError: 1 expectation failed.
Expected status code &lt;400&gt; but was &lt;200&gt;.

	at org.codehaus.groovy.runtime.callsite.ConstructorSite$ConstructorSiteNoUnwrapNoCoerce.callConstructor(ConstructorSite.java:108)
	at org.codehaus.groovy.runtime.callsite.AbstractCallSite.callConstructor(AbstractCallSite.java:277)
	at io.restassured.internal.ResponseSpecificationImpl$HamcrestAssertionClosure.validate(ResponseSpecificationImpl.groovy:512)
	at io.restassured.internal.ResponseSpecificationImpl$HamcrestAssertionClosure$validate$1.call(Unknown Source)
	at io.restassured.internal.ResponseSpecificationImpl.validateResponseIfRequired(ResponseSpecificationImpl.groovy:696)
	at io.restassured.internal.ResponseSpecificationImpl.this$2$validateResponseIfRequired(ResponseSpecificationImpl.groovy)
	at org.codehaus.groovy.runtime.callsite.PlainObjectMetaMethodSite.doInvoke(PlainObjectMetaMethodSite.java:43)
	at org.codehaus.groovy.runtime.callsite.PogoMetaMethodSite$PogoCachedMethodSiteNoUnwrapNoCoerce.invoke(PogoMetaMethodSite.java:198)
	at org.codehaus.groovy.runtime.callsite.PogoMetaMethodSite.callCurrent(PogoMetaMethodSite.java:62)
	at org.codehaus.groovy.runtime.callsite.AbstractCallSite.callCurrent(AbstractCallSite.java:185)
	at io.restassured.internal.ResponseSpecificationImpl.statusCode(ResponseSpecificationImpl.groovy:135)
	at io.restassured.specification.ResponseSpecification$statusCode$0.callCurrent(Unknown Source)
	at io.restassured.internal.ResponseSpecificationImpl.statusCode(ResponseSpecificationImpl.groovy:143)
	at io.restassured.internal.ValidatableResponseOptionsImpl.statusCode(ValidatableResponseOptionsImpl.java:89)
	at tests.AddBookingTest.addBookingWithSpecialCharTitle(AddBookingTest.java:99)
	at java.base/java.util.ArrayList.forEach(ArrayList.java:1596)
... Removed 31 stack frames
</div> <!-- stack-trace -->
                </div> <!-- method-content -->
              </div> <!-- method -->
              <div class="method">
                <div class="method-content">
                  <a name="addBookingWithZeroTicketCount">
                  </a> <!-- addBookingWithZeroTicketCount -->
                  <span class="method-name">addBookingWithZeroTicketCount</span>
                  <div class="stack-trace">java.lang.AssertionError: 1 expectation failed.
Expected status code &lt;400&gt; but was &lt;200&gt;.

	at org.codehaus.groovy.runtime.callsite.ConstructorSite$ConstructorSiteNoUnwrapNoCoerce.callConstructor(ConstructorSite.java:108)
	at org.codehaus.groovy.runtime.callsite.AbstractCallSite.callConstructor(AbstractCallSite.java:277)
	at io.restassured.internal.ResponseSpecificationImpl$HamcrestAssertionClosure.validate(ResponseSpecificationImpl.groovy:512)
	at io.restassured.internal.ResponseSpecificationImpl$HamcrestAssertionClosure$validate$1.call(Unknown Source)
	at io.restassured.internal.ResponseSpecificationImpl.validateResponseIfRequired(ResponseSpecificationImpl.groovy:696)
	at io.restassured.internal.ResponseSpecificationImpl.this$2$validateResponseIfRequired(ResponseSpecificationImpl.groovy)
	at org.codehaus.groovy.runtime.callsite.PlainObjectMetaMethodSite.doInvoke(PlainObjectMetaMethodSite.java:43)
	at org.codehaus.groovy.runtime.callsite.PogoMetaMethodSite$PogoCachedMethodSiteNoUnwrapNoCoerce.invoke(PogoMetaMethodSite.java:198)
	at org.codehaus.groovy.runtime.callsite.PogoMetaMethodSite.callCurrent(PogoMetaMethodSite.java:62)
	at org.codehaus.groovy.runtime.callsite.AbstractCallSite.callCurrent(AbstractCallSite.java:185)
	at io.restassured.internal.ResponseSpecificationImpl.statusCode(ResponseSpecificationImpl.groovy:135)
	at io.restassured.specification.ResponseSpecification$statusCode$0.callCurrent(Unknown Source)
	at io.restassured.internal.ResponseSpecificationImpl.statusCode(ResponseSpecificationImpl.groovy:143)
	at io.restassured.internal.ValidatableResponseOptionsImpl.statusCode(ValidatableResponseOptionsImpl.java:89)
	at tests.AddBookingTest.addBookingWithZeroTicketCount(AddBookingTest.java:47)
	at java.base/java.util.ArrayList.forEach(ArrayList.java:1596)
... Removed 31 stack frames
</div> <!-- stack-trace -->
                </div> <!-- method-content -->
              </div> <!-- method -->
            </div> <!-- main-panel-content rounded-window-bottom -->
          </div> <!-- suite-Sprint_4_API_Suite-class-failed -->
          <div class="suite-Sprint_4_API_Suite-class-failed">
            <div class="main-panel-header rounded-window-top">
              <img src="failed.png"/>
              <span class="class-name">tests.GetBookingByIdTest</span>
            </div> <!-- main-panel-header rounded-window-top -->
            <div class="main-panel-content rounded-window-bottom">
              <div class="method">
                <div class="method-content">
                  <a name="addAndGetBookingById">
                  </a> <!-- addAndGetBookingById -->
                  <span class="method-name">addAndGetBookingById</span>
                  <div class="stack-trace">java.lang.AssertionError: 1 expectation failed.
Expected status code &lt;200&gt; but was &lt;204&gt;.

	at org.codehaus.groovy.runtime.callsite.ConstructorSite$ConstructorSiteNoUnwrapNoCoerce.callConstructor(ConstructorSite.java:108)
	at org.codehaus.groovy.runtime.callsite.AbstractCallSite.callConstructor(AbstractCallSite.java:277)
	at io.restassured.internal.ResponseSpecificationImpl$HamcrestAssertionClosure.validate(ResponseSpecificationImpl.groovy:512)
	at io.restassured.internal.ResponseSpecificationImpl$HamcrestAssertionClosure$validate$1.call(Unknown Source)
	at io.restassured.internal.ResponseSpecificationImpl.validateResponseIfRequired(ResponseSpecificationImpl.groovy:696)
	at io.restassured.internal.ResponseSpecificationImpl.this$2$validateResponseIfRequired(ResponseSpecificationImpl.groovy)
	at org.codehaus.groovy.runtime.callsite.PlainObjectMetaMethodSite.doInvoke(PlainObjectMetaMethodSite.java:43)
	at org.codehaus.groovy.runtime.callsite.PogoMetaMethodSite$PogoCachedMethodSiteNoUnwrapNoCoerce.invoke(PogoMetaMethodSite.java:198)
	at org.codehaus.groovy.runtime.callsite.PogoMetaMethodSite.callCurrent(PogoMetaMethodSite.java:62)
	at org.codehaus.groovy.runtime.callsite.AbstractCallSite.callCurrent(AbstractCallSite.java:185)
	at io.restassured.internal.ResponseSpecificationImpl.statusCode(ResponseSpecificationImpl.groovy:135)
	at io.restassured.specification.ResponseSpecification$statusCode$0.callCurrent(Unknown Source)
	at io.restassured.internal.ResponseSpecificationImpl.statusCode(ResponseSpecificationImpl.groovy:143)
	at io.restassured.internal.ValidatableResponseOptionsImpl.statusCode(ValidatableResponseOptionsImpl.java:89)
	at tests.GetBookingByIdTest.addAndGetBookingById(GetBookingByIdTest.java:53)
	at java.base/java.util.ArrayList.forEach(ArrayList.java:1596)
... Removed 31 stack frames
</div> <!-- stack-trace -->
                </div> <!-- method-content -->
              </div> <!-- method -->
            </div> <!-- main-panel-content rounded-window-bottom -->
          </div> <!-- suite-Sprint_4_API_Suite-class-failed -->
          <div class="suite-Sprint_4_API_Suite-class-failed">
            <div class="main-panel-header rounded-window-top">
              <img src="failed.png"/>
              <span class="class-name">tests.AddBookingWithInvalidLoginTest</span>
            </div> <!-- main-panel-header rounded-window-top -->
            <div class="main-panel-content rounded-window-bottom">
              <div class="method">
                <div class="method-content">
                  <a name="addBookingWithMissingField">
                  </a> <!-- addBookingWithMissingField -->
                  <span class="method-name">addBookingWithMissingField</span>
                  <div class="stack-trace">java.lang.AssertionError: 1 expectation failed.
Expected status code &lt;400&gt; but was &lt;200&gt;.

	at org.codehaus.groovy.runtime.callsite.ConstructorSite$ConstructorSiteNoUnwrapNoCoerce.callConstructor(ConstructorSite.java:108)
	at org.codehaus.groovy.runtime.callsite.AbstractCallSite.callConstructor(AbstractCallSite.java:277)
	at io.restassured.internal.ResponseSpecificationImpl$HamcrestAssertionClosure.validate(ResponseSpecificationImpl.groovy:512)
	at io.restassured.internal.ResponseSpecificationImpl$HamcrestAssertionClosure$validate$1.call(Unknown Source)
	at io.restassured.internal.ResponseSpecificationImpl.validateResponseIfRequired(ResponseSpecificationImpl.groovy:696)
	at io.restassured.internal.ResponseSpecificationImpl.this$2$validateResponseIfRequired(ResponseSpecificationImpl.groovy)
	at org.codehaus.groovy.runtime.callsite.PlainObjectMetaMethodSite.doInvoke(PlainObjectMetaMethodSite.java:43)
	at org.codehaus.groovy.runtime.callsite.PogoMetaMethodSite$PogoCachedMethodSiteNoUnwrapNoCoerce.invoke(PogoMetaMethodSite.java:198)
	at org.codehaus.groovy.runtime.callsite.PogoMetaMethodSite.callCurrent(PogoMetaMethodSite.java:62)
	at org.codehaus.groovy.runtime.callsite.AbstractCallSite.callCurrent(AbstractCallSite.java:185)
	at io.restassured.internal.ResponseSpecificationImpl.statusCode(ResponseSpecificationImpl.groovy:135)
	at io.restassured.specification.ResponseSpecification$statusCode$0.callCurrent(Unknown Source)
	at io.restassured.internal.ResponseSpecificationImpl.statusCode(ResponseSpecificationImpl.groovy:143)
	at io.restassured.internal.ValidatableResponseOptionsImpl.statusCode(ValidatableResponseOptionsImpl.java:89)
	at tests.AddBookingWithInvalidLoginTest.addBookingWithMissingField(AddBookingWithInvalidLoginTest.java:28)
	at java.base/java.util.ArrayList.forEach(ArrayList.java:1596)
... Removed 31 stack frames
</div> <!-- stack-trace -->
                </div> <!-- method-content -->
              </div> <!-- method -->
            </div> <!-- main-panel-content rounded-window-bottom -->
          </div> <!-- suite-Sprint_4_API_Suite-class-failed -->
          <div class="suite-Sprint_4_API_Suite-class-failed">
            <div class="main-panel-header rounded-window-top">
              <img src="failed.png"/>
              <span class="class-name">tests.GetBookingByInvalidIdTest</span>
            </div> <!-- main-panel-header rounded-window-top -->
            <div class="main-panel-content rounded-window-bottom">
              <div class="method">
                <div class="method-content">
                  <a name="viewBookingListWithInvalidToken">
                  </a> <!-- viewBookingListWithInvalidToken -->
                  <span class="method-name">viewBookingListWithInvalidToken</span>
                  <div class="stack-trace">java.lang.AssertionError: 1 expectation failed.
Expected status code &lt;401&gt; but was &lt;200&gt;.

	at org.codehaus.groovy.runtime.callsite.ConstructorSite$ConstructorSiteNoUnwrapNoCoerce.callConstructor(ConstructorSite.java:108)
	at org.codehaus.groovy.runtime.callsite.AbstractCallSite.callConstructor(AbstractCallSite.java:277)
	at io.restassured.internal.ResponseSpecificationImpl$HamcrestAssertionClosure.validate(ResponseSpecificationImpl.groovy:512)
	at io.restassured.internal.ResponseSpecificationImpl$HamcrestAssertionClosure$validate$1.call(Unknown Source)
	at io.restassured.internal.ResponseSpecificationImpl.validateResponseIfRequired(ResponseSpecificationImpl.groovy:696)
	at io.restassured.internal.ResponseSpecificationImpl.this$2$validateResponseIfRequired(ResponseSpecificationImpl.groovy)
	at org.codehaus.groovy.runtime.callsite.PlainObjectMetaMethodSite.doInvoke(PlainObjectMetaMethodSite.java:43)
	at org.codehaus.groovy.runtime.callsite.PogoMetaMethodSite$PogoCachedMethodSiteNoUnwrapNoCoerce.invoke(PogoMetaMethodSite.java:198)
	at org.codehaus.groovy.runtime.callsite.PogoMetaMethodSite.callCurrent(PogoMetaMethodSite.java:62)
	at org.codehaus.groovy.runtime.callsite.AbstractCallSite.callCurrent(AbstractCallSite.java:185)
	at io.restassured.internal.ResponseSpecificationImpl.statusCode(ResponseSpecificationImpl.groovy:135)
	at io.restassured.specification.ResponseSpecification$statusCode$0.callCurrent(Unknown Source)
	at io.restassured.internal.ResponseSpecificationImpl.statusCode(ResponseSpecificationImpl.groovy:143)
	at io.restassured.internal.ValidatableResponseOptionsImpl.statusCode(ValidatableResponseOptionsImpl.java:89)
	at tests.GetBookingByInvalidIdTest.viewBookingListWithInvalidToken(GetBookingByInvalidIdTest.java:39)
	at java.base/java.util.ArrayList.forEach(ArrayList.java:1596)
... Removed 31 stack frames
</div> <!-- stack-trace -->
                </div> <!-- method-content -->
              </div> <!-- method -->
            </div> <!-- main-panel-content rounded-window-bottom -->
          </div> <!-- suite-Sprint_4_API_Suite-class-failed -->
          <div class="suite-Sprint_4_API_Suite-class-failed">
            <div class="main-panel-header rounded-window-top">
              <img src="failed.png"/>
              <span class="class-name">tests.DeleteBookingTest</span>
            </div> <!-- main-panel-header rounded-window-top -->
            <div class="main-panel-content rounded-window-bottom">
              <div class="method">
                <div class="method-content">
                  <a name="deleteBookingWithNegativeId">
                  </a> <!-- deleteBookingWithNegativeId -->
                  <span class="method-name">deleteBookingWithNegativeId</span>
                  <div class="stack-trace">java.lang.AssertionError: 1 expectation failed.
Expected status code &lt;400&gt; but was &lt;200&gt;.

	at org.codehaus.groovy.runtime.callsite.ConstructorSite$ConstructorSiteNoUnwrapNoCoerce.callConstructor(ConstructorSite.java:108)
	at org.codehaus.groovy.runtime.callsite.AbstractCallSite.callConstructor(AbstractCallSite.java:277)
	at io.restassured.internal.ResponseSpecificationImpl$HamcrestAssertionClosure.validate(ResponseSpecificationImpl.groovy:512)
	at io.restassured.internal.ResponseSpecificationImpl$HamcrestAssertionClosure$validate$1.call(Unknown Source)
	at io.restassured.internal.ResponseSpecificationImpl.validateResponseIfRequired(ResponseSpecificationImpl.groovy:696)
	at io.restassured.internal.ResponseSpecificationImpl.this$2$validateResponseIfRequired(ResponseSpecificationImpl.groovy)
	at org.codehaus.groovy.runtime.callsite.PlainObjectMetaMethodSite.doInvoke(PlainObjectMetaMethodSite.java:43)
	at org.codehaus.groovy.runtime.callsite.PogoMetaMethodSite$PogoCachedMethodSiteNoUnwrapNoCoerce.invoke(PogoMetaMethodSite.java:198)
	at org.codehaus.groovy.runtime.callsite.PogoMetaMethodSite.callCurrent(PogoMetaMethodSite.java:62)
	at org.codehaus.groovy.runtime.callsite.AbstractCallSite.callCurrent(AbstractCallSite.java:185)
	at io.restassured.internal.ResponseSpecificationImpl.statusCode(ResponseSpecificationImpl.groovy:135)
	at io.restassured.specification.ResponseSpecification$statusCode$0.callCurrent(Unknown Source)
	at io.restassured.internal.ResponseSpecificationImpl.statusCode(ResponseSpecificationImpl.groovy:143)
	at io.restassured.internal.ValidatableResponseOptionsImpl.statusCode(ValidatableResponseOptionsImpl.java:89)
	at tests.DeleteBookingTest.deleteBookingWithNegativeId(DeleteBookingTest.java:40)
	at java.base/java.util.ArrayList.forEach(ArrayList.java:1596)
... Removed 31 stack frames
</div> <!-- stack-trace -->
                </div> <!-- method-content -->
              </div> <!-- method -->
            </div> <!-- main-panel-content rounded-window-bottom -->
          </div> <!-- suite-Sprint_4_API_Suite-class-failed -->
          <div class="suite-Sprint_4_API_Suite-class-passed">
            <div class="main-panel-header rounded-window-top">
              <img src="passed.png"/>
              <span class="class-name">tests.AuthTestWithInvalidCredentialsTest</span>
            </div> <!-- main-panel-header rounded-window-top -->
            <div class="main-panel-content rounded-window-bottom">
              <div class="method">
                <div class="method-content">
                  <a name="invalidPasswordReturns401">
                  </a> <!-- invalidPasswordReturns401 -->
                  <span class="method-name">invalidPasswordReturns401</span>
                </div> <!-- method-content -->
              </div> <!-- method -->
              <div class="method">
                <div class="method-content">
                  <a name="loginWithBlankCredentials">
                  </a> <!-- loginWithBlankCredentials -->
                  <span class="method-name">loginWithBlankCredentials</span>
                </div> <!-- method-content -->
              </div> <!-- method -->
              <div class="method">
                <div class="method-content">
                  <a name="missingUsernameReturns400">
                  </a> <!-- missingUsernameReturns400 -->
                  <span class="method-name">missingUsernameReturns400</span>
                </div> <!-- method-content -->
              </div> <!-- method -->
            </div> <!-- main-panel-content rounded-window-bottom -->
          </div> <!-- suite-Sprint_4_API_Suite-class-passed -->
          <div class="suite-Sprint_4_API_Suite-class-passed">
            <div class="main-panel-header rounded-window-top">
              <img src="passed.png"/>
              <span class="class-name">tests.AddBookingTest</span>
            </div> <!-- main-panel-header rounded-window-top -->
            <div class="main-panel-content rounded-window-bottom">
              <div class="method">
                <div class="method-content">
                  <a name="addBooking">
                  </a> <!-- addBooking -->
                  <span class="method-name">addBooking</span>
                </div> <!-- method-content -->
              </div> <!-- method -->
              <div class="method">
                <div class="method-content">
                  <a name="addBookingOnBoundaryDate">
                  </a> <!-- addBookingOnBoundaryDate -->
                  <span class="method-name">addBookingOnBoundaryDate</span>
                </div> <!-- method-content -->
              </div> <!-- method -->
              <div class="method">
                <div class="method-content">
                  <a name="addBookingWithAlphanumericTicketCount">
                  </a> <!-- addBookingWithAlphanumericTicketCount -->
                  <span class="method-name">addBookingWithAlphanumericTicketCount</span>
                </div> <!-- method-content -->
              </div> <!-- method -->
              <div class="method">
                <div class="method-content">
                  <a name="addBookingWithLargeTicketCount">
                  </a> <!-- addBookingWithLargeTicketCount -->
                  <span class="method-name">addBookingWithLargeTicketCount</span>
                </div> <!-- method-content -->
              </div> <!-- method -->
              <div class="method">
                <div class="method-content">
                  <a name="addBookingWithNewUserAndMovie">
                  </a> <!-- addBookingWithNewUserAndMovie -->
                  <span class="method-name">addBookingWithNewUserAndMovie</span>
                </div> <!-- method-content -->
              </div> <!-- method -->
            </div> <!-- main-panel-content rounded-window-bottom -->
          </div> <!-- suite-Sprint_4_API_Suite-class-passed -->
          <div class="suite-Sprint_4_API_Suite-class-passed">
            <div class="main-panel-header rounded-window-top">
              <img src="passed.png"/>
              <span class="class-name">tests.GetBookingByIdTest</span>
            </div> <!-- main-panel-header rounded-window-top -->
            <div class="main-panel-content rounded-window-bottom">
              <div class="method">
                <div class="method-content">
                  <a name="bookingDetails">
                  </a> <!-- bookingDetails -->
                  <span class="method-name">bookingDetails</span>
                </div> <!-- method-content -->
              </div> <!-- method -->
              <div class="method">
                <div class="method-content">
                  <a name="viewBookingListMultipleRecords">
                  </a> <!-- viewBookingListMultipleRecords -->
                  <span class="method-name">viewBookingListMultipleRecords</span>
                </div> <!-- method-content -->
              </div> <!-- method -->
            </div> <!-- main-panel-content rounded-window-bottom -->
          </div> <!-- suite-Sprint_4_API_Suite-class-passed -->
          <div class="suite-Sprint_4_API_Suite-class-passed">
            <div class="main-panel-header rounded-window-top">
              <img src="passed.png"/>
              <span class="class-name">tests.InvalidDeleteByIdTest</span>
            </div> <!-- main-panel-header rounded-window-top -->
            <div class="main-panel-content rounded-window-bottom">
              <div class="method">
                <div class="method-content">
                  <a name="deleteInvalidBooking">
                  </a> <!-- deleteInvalidBooking -->
                  <span class="method-name">deleteInvalidBooking</span>
                </div> <!-- method-content -->
              </div> <!-- method -->
            </div> <!-- main-panel-content rounded-window-bottom -->
          </div> <!-- suite-Sprint_4_API_Suite-class-passed -->
          <div class="suite-Sprint_4_API_Suite-class-passed">
            <div class="main-panel-header rounded-window-top">
              <img src="passed.png"/>
              <span class="class-name">tests.GetBookingByInvalidIdTest</span>
            </div> <!-- main-panel-header rounded-window-top -->
            <div class="main-panel-content rounded-window-bottom">
              <div class="method">
                <div class="method-content">
                  <a name="getBookingByInvalidId">
                  </a> <!-- getBookingByInvalidId -->
                  <span class="method-name">getBookingByInvalidId</span>
                </div> <!-- method-content -->
              </div> <!-- method -->
            </div> <!-- main-panel-content rounded-window-bottom -->
          </div> <!-- suite-Sprint_4_API_Suite-class-passed -->
          <div class="suite-Sprint_4_API_Suite-class-passed">
            <div class="main-panel-header rounded-window-top">
              <img src="passed.png"/>
              <span class="class-name">tests.DeleteBookingTest</span>
            </div> <!-- main-panel-header rounded-window-top -->
            <div class="main-panel-content rounded-window-bottom">
              <div class="method">
                <div class="method-content">
                  <a name="addDeleteAndConfirmBookingGone">
                  </a> <!-- addDeleteAndConfirmBookingGone -->
                  <span class="method-name">addDeleteAndConfirmBookingGone</span>
                </div> <!-- method-content -->
              </div> <!-- method -->
              <div class="method">
                <div class="method-content">
                  <a name="deleteBookingById">
                  </a> <!-- deleteBookingById -->
                  <span class="method-name">deleteBookingById</span>
                </div> <!-- method-content -->
              </div> <!-- method -->
            </div> <!-- main-panel-content rounded-window-bottom -->
          </div> <!-- suite-Sprint_4_API_Suite-class-passed -->
        </div> <!-- panel Sprint_4_API_Suite -->
        <div panel-name="test-xml-Sprint_4_API_Suite" class="panel">
          <div class="main-panel-header rounded-window-top">
            <span class="header-content">C:\Users\itsan\Downloads\sprint4\sprint4\testng.xml</span>
          </div> <!-- main-panel-header rounded-window-top -->
          <div class="main-panel-content rounded-window-bottom">
            <pre>
&lt;?xml version=&quot;1.0&quot; encoding=&quot;UTF-8&quot;?&gt;
&lt;!DOCTYPE suite SYSTEM &quot;https://testng.org/testng-1.0.dtd&quot;&gt;
&lt;suite name=&quot;Sprint 4 API Suite&quot; guice-stage=&quot;DEVELOPMENT&quot;&gt;
  &lt;listeners&gt;
    &lt;listener class-name=&quot;utils.TestListener&quot;/&gt;
  &lt;/listeners&gt;
  &lt;test thread-count=&quot;5&quot; name=&quot;API Tests&quot;&gt;
    &lt;classes&gt;
      &lt;class name=&quot;tests.AuthTest&quot;/&gt;
      &lt;class name=&quot;tests.AuthTestWithInvalidCredentialsTest&quot;/&gt;
      &lt;class name=&quot;tests.AddBookingTest&quot;/&gt;
      &lt;class name=&quot;tests.AddBookingWithInvalidLoginTest&quot;/&gt;
      &lt;class name=&quot;tests.GetBookingByIdTest&quot;/&gt;
      &lt;class name=&quot;tests.GetBookingByInvalidIdTest&quot;/&gt;
      &lt;class name=&quot;tests.DeleteBookingTest&quot;/&gt;
      &lt;class name=&quot;tests.InvalidDeleteByIdTest&quot;/&gt;
    &lt;/classes&gt;
  &lt;/test&gt; &lt;!-- API Tests --&gt;
&lt;/suite&gt; &lt;!-- Sprint 4 API Suite --&gt;
            </pre>
          </div> <!-- main-panel-content rounded-window-bottom -->
        </div> <!-- panel -->
        <div panel-name="testlist-Sprint_4_API_Suite" class="panel">
          <div class="main-panel-header rounded-window-top">
            <span class="header-content">Tests for Sprint 4 API Suite</span>
          </div> <!-- main-panel-header rounded-window-top -->
          <div class="main-panel-content rounded-window-bottom">
            <ul>
              <li>
                <span class="test-name">API Tests (8 classes)</span>
              </li>
            </ul>
          </div> <!-- main-panel-content rounded-window-bottom -->
        </div> <!-- panel -->
        <div panel-name="group-Sprint_4_API_Suite" class="panel">
          <div class="main-panel-header rounded-window-top">
            <span class="header-content">Groups for Sprint 4 API Suite</span>
          </div> <!-- main-panel-header rounded-window-top -->
          <div class="main-panel-content rounded-window-bottom">
          </div> <!-- main-panel-content rounded-window-bottom -->
        </div> <!-- panel -->
        <div panel-name="times-Sprint_4_API_Suite" class="panel">
          <div class="main-panel-header rounded-window-top">
            <span class="header-content">Times for Sprint 4 API Suite</span>
          </div> <!-- main-panel-header rounded-window-top -->
          <div class="main-panel-content rounded-window-bottom">
            <div class="times-div">
              <script type="text/javascript">
suiteTableInitFunctions.push('tableData_Sprint_4_API_Suite');
function tableData_Sprint_4_API_Suite() {
var data = new google.visualization.DataTable();
data.addColumn('number', 'Number');
data.addColumn('string', 'Method');
data.addColumn('string', 'Class');
data.addColumn('number', 'Time (ms)');
data.addRows(21);
data.setCell(0, 0, 0)
data.setCell(0, 1, 'getAccessToken')
data.setCell(0, 2, 'tests.AuthTest')
data.setCell(0, 3, 3923);
data.setCell(1, 0, 1)
data.setCell(1, 1, 'bookingDetails')
data.setCell(1, 2, 'tests.GetBookingByIdTest')
data.setCell(1, 3, 1468);
data.setCell(2, 0, 2)
data.setCell(2, 1, 'addBookingWithAlphanumericTicketCount')
data.setCell(2, 2, 'tests.AddBookingTest')
data.setCell(2, 3, 946);
data.setCell(3, 0, 3)
data.setCell(3, 1, 'addDeleteAndConfirmBookingGone')
data.setCell(3, 2, 'tests.DeleteBookingTest')
data.setCell(3, 3, 515);
data.setCell(4, 0, 4)
data.setCell(4, 1, 'addAndGetBookingById')
data.setCell(4, 2, 'tests.GetBookingByIdTest')
data.setCell(4, 3, 429);
data.setCell(5, 0, 5)
data.setCell(5, 1, 'addBooking')
data.setCell(5, 2, 'tests.AddBookingTest')
data.setCell(5, 3, 302);
data.setCell(6, 0, 6)
data.setCell(6, 1, 'loginWithBlankCredentials')
data.setCell(6, 2, 'tests.AuthTestWithInvalidCredentialsTest')
data.setCell(6, 3, 274);
data.setCell(7, 0, 7)
data.setCell(7, 1, 'addBookingOnBoundaryDate')
data.setCell(7, 2, 'tests.AddBookingTest')
data.setCell(7, 3, 216);
data.setCell(8, 0, 8)
data.setCell(8, 1, 'missingUsernameReturns400')
data.setCell(8, 2, 'tests.AuthTestWithInvalidCredentialsTest')
data.setCell(8, 3, 211);
data.setCell(9, 0, 9)
data.setCell(9, 1, 'addBookingWithNewUserAndMovie')
data.setCell(9, 2, 'tests.AddBookingTest')
data.setCell(9, 3, 207);
data.setCell(10, 0, 10)
data.setCell(10, 1, 'addBookingWithZeroTicketCount')
data.setCell(10, 2, 'tests.AddBookingTest')
data.setCell(10, 3, 199);
data.setCell(11, 0, 11)
data.setCell(11, 1, 'addBookingWithSpecialCharTitle')
data.setCell(11, 2, 'tests.AddBookingTest')
data.setCell(11, 3, 198);
data.setCell(12, 0, 12)
data.setCell(12, 1, 'addBookingWithMissingField')
data.setCell(12, 2, 'tests.AddBookingWithInvalidLoginTest')
data.setCell(12, 3, 196);
data.setCell(13, 0, 13)
data.setCell(13, 1, 'addBookingWithLargeTicketCount')
data.setCell(13, 2, 'tests.AddBookingTest')
data.setCell(13, 3, 194);
data.setCell(14, 0, 14)
data.setCell(14, 1, 'deleteBookingById')
data.setCell(14, 2, 'tests.DeleteBookingTest')
data.setCell(14, 3, 192);
data.setCell(15, 0, 15)
data.setCell(15, 1, 'invalidPasswordReturns401')
data.setCell(15, 2, 'tests.AuthTestWithInvalidCredentialsTest')
data.setCell(15, 3, 183);
data.setCell(16, 0, 16)
data.setCell(16, 1, 'deleteInvalidBooking')
data.setCell(16, 2, 'tests.InvalidDeleteByIdTest')
data.setCell(16, 3, 181);
data.setCell(17, 0, 17)
data.setCell(17, 1, 'deleteBookingWithNegativeId')
data.setCell(17, 2, 'tests.DeleteBookingTest')
data.setCell(17, 3, 177);
data.setCell(18, 0, 18)
data.setCell(18, 1, 'getBookingByInvalidId')
data.setCell(18, 2, 'tests.GetBookingByInvalidIdTest')
data.setCell(18, 3, 176);
data.setCell(19, 0, 19)
data.setCell(19, 1, 'viewBookingListWithInvalidToken')
data.setCell(19, 2, 'tests.GetBookingByInvalidIdTest')
data.setCell(19, 3, 174);
data.setCell(20, 0, 20)
data.setCell(20, 1, 'viewBookingListMultipleRecords')
data.setCell(20, 2, 'tests.GetBookingByIdTest')
data.setCell(20, 3, 173);
window.suiteTableData['Sprint_4_API_Suite']= { tableData: data, tableDiv: 'times-div-Sprint_4_API_Suite'}
return data;
}
              </script>
              <span class="suite-total-time">Total running time: 10 seconds</span>
              <div id="times-div-Sprint_4_API_Suite">
              </div> <!-- times-div-Sprint_4_API_Suite -->
            </div> <!-- times-div -->
          </div> <!-- main-panel-content rounded-window-bottom -->
        </div> <!-- panel -->
        <div panel-name="reporter-Sprint_4_API_Suite" class="panel">
          <div class="main-panel-header rounded-window-top">
            <span class="header-content">Reporter output for Sprint 4 API Suite</span>
          </div> <!-- main-panel-header rounded-window-top -->
          <div class="main-panel-content rounded-window-bottom">
          </div> <!-- main-panel-content rounded-window-bottom -->
        </div> <!-- panel -->
        <div panel-name="ignored-methods-Sprint_4_API_Suite" class="panel">
          <div class="main-panel-header rounded-window-top">
            <span class="header-content">0 ignored methods</span>
          </div> <!-- main-panel-header rounded-window-top -->
          <div class="main-panel-content rounded-window-bottom">
          </div> <!-- main-panel-content rounded-window-bottom -->
        </div> <!-- panel -->
        <div panel-name="chronological-Sprint_4_API_Suite" class="panel">
          <div class="main-panel-header rounded-window-top">
            <span class="header-content">Methods in chronological order</span>
          </div> <!-- main-panel-header rounded-window-top -->
          <div class="main-panel-content rounded-window-bottom">
            <div class="chronological-class">
              <div class="chronological-class-name">tests.AuthTest</div> <!-- chronological-class-name -->
              <div class="test-method">
                <img src="failed.png">
                </img>
                <span class="method-name">getAccessToken</span>
                <span class="method-start">0 ms</span>
              </div> <!-- test-method -->
            </div> <!-- chronological-class -->
            <div class="chronological-class">
              <div class="chronological-class-name">tests.AuthTestWithInvalidCredentialsTest</div> <!-- chronological-class-name -->
              <div class="test-method">
                <span class="method-name">invalidPasswordReturns401</span>
                <span class="method-start">3953 ms</span>
              </div> <!-- test-method -->
              <div class="test-method">
                <span class="method-name">loginWithBlankCredentials</span>
                <span class="method-start">4140 ms</span>
              </div> <!-- test-method -->
              <div class="test-method">
                <span class="method-name">missingUsernameReturns400</span>
                <span class="method-start">4418 ms</span>
              </div> <!-- test-method -->
            </div> <!-- chronological-class -->
            <div class="chronological-class">
              <div class="chronological-class-name">tests.AddBookingTest</div> <!-- chronological-class-name -->
              <div class="test-method">
                <span class="method-name">addBooking</span>
                <span class="method-start">4635 ms</span>
              </div> <!-- test-method -->
              <div class="test-method">
                <span class="method-name">addBookingOnBoundaryDate</span>
                <span class="method-start">4940 ms</span>
              </div> <!-- test-method -->
              <div class="test-method">
                <span class="method-name">addBookingWithAlphanumericTicketCount</span>
                <span class="method-start">5159 ms</span>
              </div> <!-- test-method -->
              <div class="test-method">
                <span class="method-name">addBookingWithLargeTicketCount</span>
                <span class="method-start">6107 ms</span>
              </div> <!-- test-method -->
              <div class="test-method">
                <span class="method-name">addBookingWithNewUserAndMovie</span>
                <span class="method-start">6306 ms</span>
              </div> <!-- test-method -->
              <div class="test-method">
                <img src="failed.png">
                </img>
                <span class="method-name">addBookingWithSpecialCharTitle</span>
                <span class="method-start">6516 ms</span>
              </div> <!-- test-method -->
              <div class="test-method">
                <img src="failed.png">
                </img>
                <span class="method-name">addBookingWithZeroTicketCount</span>
                <span class="method-start">6722 ms</span>
              </div> <!-- test-method -->
            </div> <!-- chronological-class -->
            <div class="chronological-class">
              <div class="chronological-class-name">tests.AddBookingWithInvalidLoginTest</div> <!-- chronological-class-name -->
              <div class="test-method">
                <img src="failed.png">
                </img>
                <span class="method-name">addBookingWithMissingField</span>
                <span class="method-start">6928 ms</span>
              </div> <!-- test-method -->
            </div> <!-- chronological-class -->
            <div class="chronological-class">
              <div class="chronological-class-name">tests.GetBookingByIdTest</div> <!-- chronological-class-name -->
              <div class="test-method">
                <img src="failed.png">
                </img>
                <span class="method-name">addAndGetBookingById</span>
                <span class="method-start">7131 ms</span>
              </div> <!-- test-method -->
              <div class="test-method">
                <span class="method-name">bookingDetails</span>
                <span class="method-start">7568 ms</span>
              </div> <!-- test-method -->
              <div class="test-method">
                <span class="method-name">viewBookingListMultipleRecords</span>
                <span class="method-start">9037 ms</span>
              </div> <!-- test-method -->
            </div> <!-- chronological-class -->
            <div class="chronological-class">
              <div class="chronological-class-name">tests.GetBookingByInvalidIdTest</div> <!-- chronological-class-name -->
              <div class="test-method">
                <span class="method-name">getBookingByInvalidId</span>
                <span class="method-start">9215 ms</span>
              </div> <!-- test-method -->
              <div class="test-method">
                <img src="failed.png">
                </img>
                <span class="method-name">viewBookingListWithInvalidToken</span>
                <span class="method-start">9396 ms</span>
              </div> <!-- test-method -->
            </div> <!-- chronological-class -->
            <div class="chronological-class">
              <div class="chronological-class-name">tests.DeleteBookingTest</div> <!-- chronological-class-name -->
              <div class="test-method">
                <span class="method-name">addDeleteAndConfirmBookingGone</span>
                <span class="method-start">9573 ms</span>
              </div> <!-- test-method -->
              <div class="test-method">
                <span class="method-name">deleteBookingById</span>
                <span class="method-start">10092 ms</span>
              </div> <!-- test-method -->
              <div class="test-method">
                <img src="failed.png">
                </img>
                <span class="method-name">deleteBookingWithNegativeId</span>
                <span class="method-start">10287 ms</span>
              </div> <!-- test-method -->
            </div> <!-- chronological-class -->
            <div class="chronological-class">
              <div class="chronological-class-name">tests.InvalidDeleteByIdTest</div> <!-- chronological-class-name -->
              <div class="test-method">
                <span class="method-name">deleteInvalidBooking</span>
                <span class="method-start">10470 ms</span>
              </div> <!-- test-method -->
          </div> <!-- main-panel-content rounded-window-bottom -->
        </div> <!-- panel -->
      </div> <!-- main-panel-root -->
    </div> <!-- wrapper -->
  </body>
<script type="text/javascript" src="testng-reports2.js"></script>
</html>
